/*C3*/SET SCHEMA PUBLIC
INSERT INTO PMS_PATIENT_BIODATA VALUES('8910310652137','-','OMAR MUKHTAR BIN HAMBARAN','-','891031065213','-','Matric No.','M031210009','-','-','31/10/1989','Male','-','-','-','-','-','-','-','-','-','91, JALAN KERAI,','-','-','27000','-','MALAYSIA','0199737579','-','-','-','27000','-','MALAYSIA','0199737579',NULL)
COMMIT
INSERT INTO AUTOGENERATE_PMI VALUES('8910310652137')
COMMIT
/*C4*/SET SCHEMA PUBLIC
INSERT INTO PMS_EPISODE VALUES('8910310652137','22/12/2014','OMAR MUKHTAR BIN HAMBARAN','891031065213','-','Matric No.','M031210009','-','General Outpatient','Walk-in','-','Government','Student','Outpatient Discipline','-','-','Common Queue','-','Normal','-','-','-','-','-','-','-','-',' 00:47:28','Waiting','Klinik UTeM Induk')
COMMIT
INSERT INTO PMS_PATIENT_BIODATA VALUES('6602060152614','-','MOHD KHANAPI BIN ABD GHANI','-','660206015261','-','Staff No.','00717','-','-','06/02/1966','-','-','-','-','-','-','-','-','-','-','-, -, -','-','-','-','-','-','-','-','-','-','-','-','-','-',NULL)
COMMIT
INSERT INTO AUTOGENERATE_PMI VALUES('6602060152614')
COMMIT
/*C5*/SET SCHEMA PUBLIC
INSERT INTO PMS_EPISODE VALUES('6602060152614','22/12/2014','MOHD KHANAPI BIN ABD GHANI','660206015261','-','-','-','-','General Outpatient','Walk-in','-','Government','Student','Outpatient Discipline','-','-','Common Queue','-','Normal','-','-','-','-','-','-','-','-',' 00:48:09','Waiting','Klinik UTeM Induk')
COMMIT
ROLLBACK
/*C6*/SET SCHEMA PUBLIC
INSERT INTO PMS_EPISODE VALUES('8910310652137','22/12/2014','OMAR MUKHTAR BIN HAMBARAN','891031065213','-','Matric No.','M031210009','-','General Outpatient','Walk-in','-','Government','Student','Outpatient Discipline','-','-','Common Queue','-','Normal','-','-','-','-','-','-','-','-',' 00:59:35','Waiting','Klinik UTeM Induk')
COMMIT
INSERT INTO JOURNAL_FILE VALUES(10,'8910310652137','2014-12-22 00:47:28.000000','MSH|^~|CIS|Klinik UTeM Induk^Outpatient Discipline^-|CIS|Klinik UTeM Induk^Outpatient Discipline^-|2014-12-22  00:47:28|||||||||||||<cr>\u000aPDI|8910310652137|OMAR MUKHTAR BIN HAMBARAN^891031065213^-^Male^31/10/1989^-^-^|<cr>\u000aCCN|2014-12-22  00:47:28|18R50R50^Fever ^02^Moderate^1 Day^^^00^-^00^-^Cold fever.^2014-12-22  00:47:28^Active^2014-12-22  00:47:28^Klinik UTeM Induk^BIO01^Registra^ICD10^18R50R50^Fever ^|<cr>\u000aFMH|2014-12-22  00:47:28|FATHER^^^09I10I10^Essential (primary) hypertension^2014-12-22  00:47:28^Still depending on drug.^^^2014-12-22  00:47:28^^2014-12-22  00:47:28^Klinik UTeM Induk^BIO01^Registra^|<cr>\u000aVTS|2014-12-22  00:47:28|-^131^80^-^-^-^-^78^175^-^-^^76^^^^^^^^^2014-12-22  00:47:28^Klinik UTeM Induk^BIO01^Registra^12^Moderate^-^-^-^0^-^|<cr>\u000aHPI|2014-12-22  00:47:28|Sesak nafas.^2014-12-22  00:47:28^Klinik UTeM Induk^BIO01^Registra^|<cr>\u000a','T',1)
COMMIT
ROLLBACK
